09/30/2023 05:51:41 PM - StaysPage - INFO: Element found with locator: onetrust-accept-btn-handler and  locatorType: id
09/30/2023 05:51:42 PM - StaysPage - INFO: Clicked on element with locator: onetrust-accept-btn-handler locatorType: id
09/30/2023 05:51:42 PM - StaysPage - INFO: Element found with locator: accommodations and  locatorType: id
09/30/2023 05:51:45 PM - StaysPage - INFO: Clicked on element with locator: accommodations locatorType: id
09/30/2023 05:51:45 PM - StaysPage - INFO: Element found with locator: //button[@aria-label='Dismiss sign in information.'] and  locatorType: xpath
09/30/2023 05:51:47 PM - StaysPage - INFO: Clicked on element with locator: //button[@aria-label='Dismiss sign in information.'] locatorType: xpath
09/30/2023 05:51:47 PM - StaysPage - INFO: Element found with locator: //button[@aria-label='Dismiss sign in information.'] and  locatorType: xpath
09/30/2023 05:51:47 PM - StaysPage - INFO: Clicked on element with locator: //button[@aria-label='Dismiss sign in information.'] locatorType: xpath
09/30/2023 05:51:47 PM - StaysPage - INFO: Element found with locator: //button[@data-testid='header-language-picker-trigger'] and  locatorType: xpath
09/30/2023 05:51:47 PM - StaysPage - INFO: Clicked on element with locator: //button[@data-testid='header-language-picker-trigger'] locatorType: xpath
09/30/2023 05:51:47 PM - StaysPage - INFO: Element found with locator: //span[text()='English (UK)'] and  locatorType: xpath
09/30/2023 05:51:50 PM - StaysPage - INFO: Clicked on element with locator: //span[text()='English (UK)'] locatorType: xpath
09/30/2023 05:51:50 PM - StaysPage - INFO: Element found with locator: //div[@data-testid ='destination-container']//input[@placeholder='Where are you going?'] and  locatorType: xpath
09/30/2023 05:51:51 PM - StaysPage - INFO: Sent data on element with locator: //div[@data-testid ='destination-container']//input[@placeholder='Where are you going?'] locatorType: xpath
09/30/2023 05:51:51 PM - StaysPage - INFO: Element found with locator: //div[@data-testid='searchbox-dates-container']/.. and  locatorType: xpath
09/30/2023 05:51:52 PM - StaysPage - INFO: Clicked on element with locator: //div[@data-testid='searchbox-dates-container']/.. locatorType: xpath
09/30/2023 05:51:52 PM - StaysPage - INFO: Element found with locator: //span[@data-date = '2023-10-08'] and  locatorType: xpath
09/30/2023 05:51:52 PM - StaysPage - INFO: Clicked on element with locator: //span[@data-date = '2023-10-08'] locatorType: xpath
09/30/2023 05:51:52 PM - StaysPage - INFO: Element found with locator: //span[@data-date = '2023-10-09'] and  locatorType: xpath
09/30/2023 05:51:52 PM - StaysPage - INFO: Clicked on element with locator: //span[@data-date = '2023-10-09'] locatorType: xpath
09/30/2023 05:51:52 PM - StaysPage - INFO: Element not found with locator: //span[@data-date = '2023-10-09'] and  locatorType: xpath
09/30/2023 05:51:52 PM - StaysPage - INFO: Cannot click on the element with locator: //span[@data-date = '2023-10-09'] locatorType: xpath
09/30/2023 05:51:52 PM - StaysPage - INFO: Element found with locator: //button[@data-testid='occupancy-config'] and  locatorType: xpath
09/30/2023 05:51:52 PM - StaysPage - INFO: Clicked on element with locator: //button[@data-testid='occupancy-config'] locatorType: xpath
09/30/2023 05:51:52 PM - StaysPage - INFO: Element found with locator: //div[@data-testid='occupancy-popup']/div/div/div/following::div/button[1] and  locatorType: xpath
09/30/2023 05:51:52 PM - StaysPage - INFO: Clicked on element with locator: //div[@data-testid='occupancy-popup']/div/div/div/following::div/button[1] locatorType: xpath
09/30/2023 05:51:52 PM - StaysPage - INFO: Element found with locator: //span[contains(text(), 'Search') and @class = 'e4adce92df'] and  locatorType: xpath
09/30/2023 05:51:57 PM - StaysPage - INFO: Clicked on element with locator: //span[contains(text(), 'Search') and @class = 'e4adce92df'] locatorType: xpath
09/30/2023 06:51:20 PM - StaysPage - INFO: Element found with locator: onetrust-accept-btn-handler and  locatorType: id
09/30/2023 06:51:20 PM - StaysPage - INFO: Clicked on element with locator: onetrust-accept-btn-handler locatorType: id
09/30/2023 06:51:20 PM - StaysPage - INFO: Element found with locator: accommodations and  locatorType: id
09/30/2023 06:51:23 PM - StaysPage - INFO: Clicked on element with locator: accommodations locatorType: id
09/30/2023 06:51:24 PM - StaysPage - INFO: Element found with locator: //button[@aria-label='Dismiss sign in information.'] and  locatorType: xpath
09/30/2023 06:51:25 PM - StaysPage - INFO: Clicked on element with locator: //button[@aria-label='Dismiss sign in information.'] locatorType: xpath
09/30/2023 06:51:25 PM - StaysPage - INFO: Element found with locator: //button[@aria-label='Dismiss sign in information.'] and  locatorType: xpath
09/30/2023 06:51:25 PM - StaysPage - INFO: Clicked on element with locator: //button[@aria-label='Dismiss sign in information.'] locatorType: xpath
09/30/2023 06:51:25 PM - StaysPage - INFO: Element found with locator: //button[@data-testid='header-language-picker-trigger'] and  locatorType: xpath
09/30/2023 06:51:25 PM - StaysPage - INFO: Clicked on element with locator: //button[@data-testid='header-language-picker-trigger'] locatorType: xpath
09/30/2023 06:51:26 PM - StaysPage - INFO: Element found with locator: //span[text()='English (UK)'] and  locatorType: xpath
09/30/2023 06:51:28 PM - StaysPage - INFO: Clicked on element with locator: //span[text()='English (UK)'] locatorType: xpath
09/30/2023 06:51:29 PM - StaysPage - INFO: Element found with locator: //div[@data-testid ='destination-container']//input[@placeholder='Where are you going?'] and  locatorType: xpath
09/30/2023 06:51:30 PM - StaysPage - INFO: Sent data on element with locator: //div[@data-testid ='destination-container']//input[@placeholder='Where are you going?'] locatorType: xpath
09/30/2023 06:51:30 PM - StaysPage - INFO: Element found with locator: //div[@data-testid='searchbox-dates-container']/.. and  locatorType: xpath
09/30/2023 06:51:30 PM - StaysPage - INFO: Clicked on element with locator: //div[@data-testid='searchbox-dates-container']/.. locatorType: xpath
09/30/2023 06:51:30 PM - StaysPage - INFO: Element found with locator: //span[@data-date = '2023-10-08'] and  locatorType: xpath
09/30/2023 06:51:30 PM - StaysPage - INFO: Clicked on element with locator: //span[@data-date = '2023-10-08'] locatorType: xpath
09/30/2023 06:51:30 PM - StaysPage - INFO: Element found with locator: //span[@data-date = '2023-10-09'] and  locatorType: xpath
09/30/2023 06:51:30 PM - StaysPage - INFO: Clicked on element with locator: //span[@data-date = '2023-10-09'] locatorType: xpath
09/30/2023 06:51:30 PM - StaysPage - INFO: Element not found with locator: //span[@data-date = '2023-10-09'] and  locatorType: xpath
09/30/2023 06:51:30 PM - StaysPage - INFO: Cannot click on the element with locator: //span[@data-date = '2023-10-09'] locatorType: xpath
09/30/2023 06:51:30 PM - StaysPage - INFO: Element found with locator: //button[@data-testid='occupancy-config'] and  locatorType: xpath
09/30/2023 06:51:30 PM - StaysPage - INFO: Clicked on element with locator: //button[@data-testid='occupancy-config'] locatorType: xpath
09/30/2023 06:51:31 PM - StaysPage - INFO: Element found with locator: //div[@data-testid='occupancy-popup']/div/div/div/following::div/button[1] and  locatorType: xpath
09/30/2023 06:51:31 PM - StaysPage - INFO: Clicked on element with locator: //div[@data-testid='occupancy-popup']/div/div/div/following::div/button[1] locatorType: xpath
09/30/2023 06:51:31 PM - StaysPage - INFO: Element found with locator: //span[contains(text(), 'Search') and @class = 'e4adce92df'] and  locatorType: xpath
09/30/2023 06:51:35 PM - StaysPage - INFO: Clicked on element with locator: //span[contains(text(), 'Search') and @class = 'e4adce92df'] locatorType: xpath
09/30/2023 07:04:07 PM - StaysPage - INFO: Element found with locator: onetrust-accept-btn-handler and  locatorType: id
09/30/2023 07:04:07 PM - StaysPage - INFO: Clicked on element with locator: onetrust-accept-btn-handler locatorType: id
09/30/2023 07:04:07 PM - StaysPage - INFO: Element found with locator: accommodations and  locatorType: id
09/30/2023 07:04:09 PM - StaysPage - INFO: Clicked on element with locator: accommodations locatorType: id
09/30/2023 07:04:10 PM - StaysPage - INFO: Element found with locator: //button[@aria-label='Dismiss sign in information.'] and  locatorType: xpath
09/30/2023 07:04:12 PM - StaysPage - INFO: Clicked on element with locator: //button[@aria-label='Dismiss sign in information.'] locatorType: xpath
09/30/2023 07:04:12 PM - StaysPage - INFO: Element found with locator: //button[@aria-label='Dismiss sign in information.'] and  locatorType: xpath
09/30/2023 07:04:12 PM - StaysPage - INFO: Clicked on element with locator: //button[@aria-label='Dismiss sign in information.'] locatorType: xpath
09/30/2023 07:04:12 PM - StaysPage - INFO: Element found with locator: //button[@data-testid='header-language-picker-trigger'] and  locatorType: xpath
09/30/2023 07:04:12 PM - StaysPage - INFO: Clicked on element with locator: //button[@data-testid='header-language-picker-trigger'] locatorType: xpath
09/30/2023 07:04:12 PM - StaysPage - INFO: Element found with locator: //span[text()='English (UK)'] and  locatorType: xpath
09/30/2023 07:04:15 PM - StaysPage - INFO: Clicked on element with locator: //span[text()='English (UK)'] locatorType: xpath
09/30/2023 07:04:16 PM - StaysPage - INFO: Element found with locator: //div[@data-testid ='destination-container']//input[@placeholder='Where are you going?'] and  locatorType: xpath
09/30/2023 07:04:17 PM - StaysPage - INFO: Sent data on element with locator: //div[@data-testid ='destination-container']//input[@placeholder='Where are you going?'] locatorType: xpath
09/30/2023 07:04:17 PM - StaysPage - INFO: Element found with locator: //div[@data-testid='searchbox-dates-container']/.. and  locatorType: xpath
09/30/2023 07:04:17 PM - StaysPage - INFO: Clicked on element with locator: //div[@data-testid='searchbox-dates-container']/.. locatorType: xpath
09/30/2023 07:04:17 PM - StaysPage - INFO: Element found with locator: //span[@data-date = '2023-10-08'] and  locatorType: xpath
09/30/2023 07:04:17 PM - StaysPage - INFO: Clicked on element with locator: //span[@data-date = '2023-10-08'] locatorType: xpath
09/30/2023 07:04:17 PM - StaysPage - INFO: Element found with locator: //span[@data-date = '2023-10-09'] and  locatorType: xpath
09/30/2023 07:04:17 PM - StaysPage - INFO: Clicked on element with locator: //span[@data-date = '2023-10-09'] locatorType: xpath
09/30/2023 07:04:17 PM - StaysPage - INFO: Element not found with locator: //span[@data-date = '2023-10-09'] and  locatorType: xpath
09/30/2023 07:04:17 PM - StaysPage - INFO: Cannot click on the element with locator: //span[@data-date = '2023-10-09'] locatorType: xpath
09/30/2023 07:04:17 PM - StaysPage - INFO: Element found with locator: //button[@data-testid='occupancy-config'] and  locatorType: xpath
09/30/2023 07:04:17 PM - StaysPage - INFO: Clicked on element with locator: //button[@data-testid='occupancy-config'] locatorType: xpath
09/30/2023 07:04:17 PM - StaysPage - INFO: Element found with locator: //div[@data-testid='occupancy-popup']/div/div/div/following::div/button[1] and  locatorType: xpath
09/30/2023 07:04:17 PM - StaysPage - INFO: Clicked on element with locator: //div[@data-testid='occupancy-popup']/div/div/div/following::div/button[1] locatorType: xpath
09/30/2023 07:04:17 PM - StaysPage - INFO: Element found with locator: //span[contains(text(), 'Search') and @class = 'e4adce92df'] and  locatorType: xpath
09/30/2023 07:04:22 PM - StaysPage - INFO: Clicked on element with locator: //span[contains(text(), 'Search') and @class = 'e4adce92df'] locatorType: xpath
